<?xml version="1.0" encoding="UTF-8"?>
<testng-results skipped="0" failed="0" ignored="2" total="3" passed="1">
  <reporter-output>
  </reporter-output>
  <suite name="Failed suite [Suite]" duration-ms="143" started-at="2022-06-07T20:15:56 IST" finished-at="2022-06-07T20:15:57 IST">
    <groups>
    </groups>
    <test name="Test(failed)" duration-ms="143" started-at="2022-06-07T20:15:56 IST" finished-at="2022-06-07T20:15:57 IST">
      <class name="testNG.Demo">
        <test-method status="PASS" signature="abcd()[pri:0, instance:testNG.Demo@646d64ab]" name="abcd" duration-ms="26" started-at="2022-06-07T20:15:57 IST" finished-at="2022-06-07T20:15:57 IST">
          <reporter-output>
          </reporter-output>
        </test-method> <!-- abcd -->
      </class> <!-- testNG.Demo -->
    </test> <!-- Test(failed) -->
  </suite> <!-- Failed suite [Suite] -->
</testng-results>
