<?xml version="1.0" encoding="UTF-8"?>
<!-- Generated by org.testng.reporters.JUnitXMLReporter -->
<testsuite hostname="DESKTOP-3HHPP24" ignored="2" name="Test(failed)" tests="1" failures="0" timestamp="2022-06-07T20:15:57 IST" time="0.143" errors="0">
  <testcase name="abcd" time="0.026" classname="testNG.Demo"/>
  <testcase name="abc" time="0.0" classname="testNG.Demo">
    <ignored/>
  </testcase> <!-- abc -->
  <testcase name="verifyTitle" time="0.0" classname="testNG.Demo">
    <ignored/>
  </testcase> <!-- verifyTitle -->
</testsuite> <!-- Test(failed) -->
