<?xml version="1.0" encoding="UTF-8"?>
<!-- Generated by org.testng.reporters.JUnitXMLReporter -->
<testsuite hostname="DESKTOP-3HHPP24" ignored="0" name="Default test" tests="7" failures="0" timestamp="2022-02-07T18:35:18 IST" time="0.124" errors="0">
  <testcase name="login" time="0.029" classname="testNG.GroupingDemo"/>
  <testcase name="addvendor" time="0.0" classname="testNG.GroupingDemo"/>
  <testcase name="advancesearch" time="0.016" classname="testNG.GroupingDemo"/>
  <testcase name="search" time="0.0" classname="testNG.GroupingDemo"/>
  <testcase name="prepaidrecharge" time="0.0" classname="testNG.GroupingDemo"/>
  <testcase name="billpayments" time="0.0" classname="testNG.GroupingDemo"/>
  <testcase name="logout" time="0.0" classname="testNG.GroupingDemo"/>
</testsuite> <!-- Default test -->
