<?xml version="1.0" encoding="UTF-8"?>
<!-- Generated by org.testng.reporters.JUnitXMLReporter -->
<testsuite hostname="DESKTOP-3HHPP24" ignored="0" name="Test" tests="7" failures="1" timestamp="2022-06-07T20:14:22 IST" time="0.241" errors="0">
  <testcase name="advancedsearch" time="0.014" classname="testNG.NewTest"/>
  <testcase name="login" time="0.005" classname="testNG.NewTest"/>
  <testcase name="logout" time="0.003" classname="testNG.NewTest"/>
  <testcase name="search" time="0.001" classname="testNG.NewTest"/>
  <testcase name="abc" time="0.005" classname="testNG.Demo"/>
  <testcase name="abcd" time="0.019" classname="testNG.Demo">
    <failure type="java.lang.AssertionError" message="expected [Gmail1] but found [Gmail]">
      <![CDATA[java.lang.AssertionError: expected [Gmail1] but found [Gmail]
at testNG.Demo.abcd(Demo.java:15)
at java.util.ArrayList.forEach(Unknown Source)
... Removed 33 stack frames]]>
    </failure>
  </testcase> <!-- abcd -->
  <testcase name="verifyTitle" time="0.001" classname="testNG.Demo"/>
</testsuite> <!-- Test -->
